{"numFailedTestSuites":1,"numFailedTests":4,"numPassedTestSuites":0,"numPassedTests":0,"numPendingTestSuites":0,"numPendingTests":0,"numRuntimeErrorTestSuites":0,"numTodoTests":0,"numTotalTestSuites":1,"numTotalTests":4,"openHandles":[],"snapshot":{"added":0,"didUpdate":false,"failure":false,"filesAdded":0,"filesRemoved":0,"filesRemovedList":[],"filesUnmatched":0,"filesUpdated":0,"matched":0,"total":0,"unchecked":0,"uncheckedKeysByFile":[],"unmatched":0,"updated":0},"startTime":1770002073000,"success":false,"testResults":[{"assertionResults":[{"ancestorTitles":["LoginPage"],"duration":2,"failing":false,"failureDetails":[{}],"failureMessages":["ReferenceError: React is not defined\n    at Object.<anonymous> (C:\\Users\\admin\\nextjs\\my-demo-app\\__tests__\\auth\\login.test.tsx:57:16)\n    at Promise.finally.completed (C:\\Users\\admin\\nextjs\\my-demo-app\\node_modules\\jest-circus\\build\\jestAdapterInit.js:1557:28)\n    at new Promise (<anonymous>)\n    at callAsyncCircusFn (C:\\Users\\admin\\nextjs\\my-demo-app\\node_modules\\jest-circus\\build\\jestAdapterInit.js:1497:10)\n    at _callCircusTest (C:\\Users\\admin\\nextjs\\my-demo-app\\node_modules\\jest-circus\\build\\jestAdapterInit.js:1007:40)\n    at processTicksAndRejections (node:internal/process/task_queues:105:5)\n    at _runTest (C:\\Users\\admin\\nextjs\\my-demo-app\\node_modules\\jest-circus\\build\\jestAdapterInit.js:947:3)\n    at C:\\Users\\admin\\nextjs\\my-demo-app\\node_modules\\jest-circus\\build\\jestAdapterInit.js:849:7\n    at _runTestsForDescribeBlock (C:\\Users\\admin\\nextjs\\my-demo-app\\node_modules\\jest-circus\\build\\jestAdapterInit.js:862:11)\n    at _runTestsForDescribeBlock (C:\\Users\\admin\\nextjs\\my-demo-app\\node_modules\\jest-circus\\build\\jestAdapterInit.js:857:11)\n    at run (C:\\Users\\admin\\nextjs\\my-demo-app\\node_modules\\jest-circus\\build\\jestAdapterInit.js:761:3)\n    at runAndTransformResultsToJestFormat (C:\\Users\\admin\\nextjs\\my-demo-app\\node_modules\\jest-circus\\build\\jestAdapterInit.js:1918:21)\n    at jestAdapter (C:\\Users\\admin\\nextjs\\my-demo-app\\node_modules\\jest-circus\\build\\runner.js:101:19)\n    at runTestInternal (C:\\Users\\admin\\nextjs\\my-demo-app\\node_modules\\jest-runner\\build\\index.js:275:16)\n    at runTest (C:\\Users\\admin\\nextjs\\my-demo-app\\node_modules\\jest-runner\\build\\index.js:343:7)"],"fullName":"LoginPage n├¬n chuyß╗ân h╞░ß╗¢ng tß╗¢i /admin-dashboard khi admin ─æ─âng nhß║¡p th├ánh c├┤ng","invocations":1,"location":null,"numPassingAsserts":0,"retryReasons":[],"startAt":1770002074209,"status":"failed","title":"n├¬n chuyß╗ân h╞░ß╗¢ng tß╗¢i /admin-dashboard khi admin ─æ─âng nhß║¡p th├ánh c├┤ng"},{"ancestorTitles":["LoginPage"],"duration":1,"failing":false,"failureDetails":[{}],"failureMessages":["ReferenceError: React is not defined\n    at Object.<anonymous> (C:\\Users\\admin\\nextjs\\my-demo-app\\__tests__\\auth\\login.test.tsx:88:16)\n    at Promise.finally.completed (C:\\Users\\admin\\nextjs\\my-demo-app\\node_modules\\jest-circus\\build\\jestAdapterInit.js:1557:28)\n    at new Promise (<anonymous>)\n    at callAsyncCircusFn (C:\\Users\\admin\\nextjs\\my-demo-app\\node_modules\\jest-circus\\build\\jestAdapterInit.js:1497:10)\n    at _callCircusTest (C:\\Users\\admin\\nextjs\\my-demo-app\\node_modules\\jest-circus\\build\\jestAdapterInit.js:1007:40)\n    at processTicksAndRejections (node:internal/process/task_queues:105:5)\n    at _runTest (C:\\Users\\admin\\nextjs\\my-demo-app\\node_modules\\jest-circus\\build\\jestAdapterInit.js:947:3)\n    at C:\\Users\\admin\\nextjs\\my-demo-app\\node_modules\\jest-circus\\build\\jestAdapterInit.js:849:7\n    at _runTestsForDescribeBlock (C:\\Users\\admin\\nextjs\\my-demo-app\\node_modules\\jest-circus\\build\\jestAdapterInit.js:862:11)\n    at _runTestsForDescribeBlock (C:\\Users\\admin\\nextjs\\my-demo-app\\node_modules\\jest-circus\\build\\jestAdapterInit.js:857:11)\n    at run (C:\\Users\\admin\\nextjs\\my-demo-app\\node_modules\\jest-circus\\build\\jestAdapterInit.js:761:3)\n    at runAndTransformResultsToJestFormat (C:\\Users\\admin\\nextjs\\my-demo-app\\node_modules\\jest-circus\\build\\jestAdapterInit.js:1918:21)\n    at jestAdapter (C:\\Users\\admin\\nextjs\\my-demo-app\\node_modules\\jest-circus\\build\\runner.js:101:19)\n    at runTestInternal (C:\\Users\\admin\\nextjs\\my-demo-app\\node_modules\\jest-runner\\build\\index.js:275:16)\n    at runTest (C:\\Users\\admin\\nextjs\\my-demo-app\\node_modules\\jest-runner\\build\\index.js:343:7)"],"fullName":"LoginPage n├¬n chuyß╗ân h╞░ß╗¢ng tß╗¢i /hospital-dashboard khi hospital ─æ─âng nhß║¡p th├ánh c├┤ng","invocations":1,"location":null,"numPassingAsserts":0,"retryReasons":[],"startAt":1770002074218,"status":"failed","title":"n├¬n chuyß╗ân h╞░ß╗¢ng tß╗¢i /hospital-dashboard khi hospital ─æ─âng nhß║¡p th├ánh c├┤ng"},{"ancestorTitles":["LoginPage"],"duration":1,"failing":false,"failureDetails":[{}],"failureMessages":["ReferenceError: React is not defined\n    at Object.<anonymous> (C:\\Users\\admin\\nextjs\\my-demo-app\\__tests__\\auth\\login.test.tsx:119:16)\n    at Promise.finally.completed (C:\\Users\\admin\\nextjs\\my-demo-app\\node_modules\\jest-circus\\build\\jestAdapterInit.js:1557:28)\n    at new Promise (<anonymous>)\n    at callAsyncCircusFn (C:\\Users\\admin\\nextjs\\my-demo-app\\node_modules\\jest-circus\\build\\jestAdapterInit.js:1497:10)\n    at _callCircusTest (C:\\Users\\admin\\nextjs\\my-demo-app\\node_modules\\jest-circus\\build\\jestAdapterInit.js:1007:40)\n    at processTicksAndRejections (node:internal/process/task_queues:105:5)\n    at _runTest (C:\\Users\\admin\\nextjs\\my-demo-app\\node_modules\\jest-circus\\build\\jestAdapterInit.js:947:3)\n    at C:\\Users\\admin\\nextjs\\my-demo-app\\node_modules\\jest-circus\\build\\jestAdapterInit.js:849:7\n    at _runTestsForDescribeBlock (C:\\Users\\admin\\nextjs\\my-demo-app\\node_modules\\jest-circus\\build\\jestAdapterInit.js:862:11)\n    at _runTestsForDescribeBlock (C:\\Users\\admin\\nextjs\\my-demo-app\\node_modules\\jest-circus\\build\\jestAdapterInit.js:857:11)\n    at run (C:\\Users\\admin\\nextjs\\my-demo-app\\node_modules\\jest-circus\\build\\jestAdapterInit.js:761:3)\n    at runAndTransformResultsToJestFormat (C:\\Users\\admin\\nextjs\\my-demo-app\\node_modules\\jest-circus\\build\\jestAdapterInit.js:1918:21)\n    at jestAdapter (C:\\Users\\admin\\nextjs\\my-demo-app\\node_modules\\jest-circus\\build\\runner.js:101:19)\n    at runTestInternal (C:\\Users\\admin\\nextjs\\my-demo-app\\node_modules\\jest-runner\\build\\index.js:275:16)\n    at runTest (C:\\Users\\admin\\nextjs\\my-demo-app\\node_modules\\jest-runner\\build\\index.js:343:7)"],"fullName":"LoginPage n├¬n chuyß╗ân h╞░ß╗¢ng tß╗¢i /requests khi donor ─æ─âng nhß║¡p th├ánh c├┤ng","invocations":1,"location":null,"numPassingAsserts":0,"retryReasons":[],"startAt":1770002074219,"status":"failed","title":"n├¬n chuyß╗ân h╞░ß╗¢ng tß╗¢i /requests khi donor ─æ─âng nhß║¡p th├ánh c├┤ng"},{"ancestorTitles":["LoginPage"],"duration":1,"failing":false,"failureDetails":[{}],"failureMessages":["ReferenceError: React is not defined\n    at Object.<anonymous> (C:\\Users\\admin\\nextjs\\my-demo-app\\__tests__\\auth\\login.test.tsx:142:16)\n    at Promise.finally.completed (C:\\Users\\admin\\nextjs\\my-demo-app\\node_modules\\jest-circus\\build\\jestAdapterInit.js:1557:28)\n    at new Promise (<anonymous>)\n    at callAsyncCircusFn (C:\\Users\\admin\\nextjs\\my-demo-app\\node_modules\\jest-circus\\build\\jestAdapterInit.js:1497:10)\n    at _callCircusTest (C:\\Users\\admin\\nextjs\\my-demo-app\\node_modules\\jest-circus\\build\\jestAdapterInit.js:1007:40)\n    at processTicksAndRejections (node:internal/process/task_queues:105:5)\n    at _runTest (C:\\Users\\admin\\nextjs\\my-demo-app\\node_modules\\jest-circus\\build\\jestAdapterInit.js:947:3)\n    at C:\\Users\\admin\\nextjs\\my-demo-app\\node_modules\\jest-circus\\build\\jestAdapterInit.js:849:7\n    at _runTestsForDescribeBlock (C:\\Users\\admin\\nextjs\\my-demo-app\\node_modules\\jest-circus\\build\\jestAdapterInit.js:862:11)\n    at _runTestsForDescribeBlock (C:\\Users\\admin\\nextjs\\my-demo-app\\node_modules\\jest-circus\\build\\jestAdapterInit.js:857:11)\n    at run (C:\\Users\\admin\\nextjs\\my-demo-app\\node_modules\\jest-circus\\build\\jestAdapterInit.js:761:3)\n    at runAndTransformResultsToJestFormat (C:\\Users\\admin\\nextjs\\my-demo-app\\node_modules\\jest-circus\\build\\jestAdapterInit.js:1918:21)\n    at jestAdapter (C:\\Users\\admin\\nextjs\\my-demo-app\\node_modules\\jest-circus\\build\\runner.js:101:19)\n    at runTestInternal (C:\\Users\\admin\\nextjs\\my-demo-app\\node_modules\\jest-runner\\build\\index.js:275:16)\n    at runTest (C:\\Users\\admin\\nextjs\\my-demo-app\\node_modules\\jest-runner\\build\\index.js:343:7)"],"fullName":"LoginPage n├¬n hiß╗ân thß╗ï th├┤ng b├ío lß╗ùi khi ─æ─âng nhß║¡p thß║Ñt bß║íi","invocations":1,"location":null,"numPassingAsserts":0,"retryReasons":[],"startAt":1770002074220,"status":"failed","title":"n├¬n hiß╗ân thß╗ï th├┤ng b├ío lß╗ùi khi ─æ─âng nhß║¡p thß║Ñt bß║íi"}],"endTime":1770002074244,"message":"  ΓùÅ LoginPage ΓÇ║ n├¬n chuyß╗ân h╞░ß╗¢ng tß╗¢i /admin-dashboard khi admin ─æ─âng nhß║¡p th├ánh c├┤ng\n\n    ReferenceError: React is not defined\n\n    \u001b[0m \u001b[90m 55 |\u001b[39m         })\u001b[33m;\u001b[39m\n     \u001b[90m 56 |\u001b[39m\n    \u001b[31m\u001b[1m>\u001b[22m\u001b[39m\u001b[90m 57 |\u001b[39m         render(\u001b[33m<\u001b[39m\u001b[33mLoginPage\u001b[39m \u001b[33m/\u001b[39m\u001b[33m>\u001b[39m)\u001b[33m;\u001b[39m\n     \u001b[90m    |\u001b[39m                \u001b[31m\u001b[1m^\u001b[22m\u001b[39m\n     \u001b[90m 58 |\u001b[39m\n     \u001b[90m 59 |\u001b[39m         fireEvent\u001b[33m.\u001b[39mchange(screen\u001b[33m.\u001b[39mgetByPlaceholderText(\u001b[35m/hero@redhope.vn/i\u001b[39m)\u001b[33m,\u001b[39m {\n     \u001b[90m 60 |\u001b[39m             target\u001b[33m:\u001b[39m { value\u001b[33m:\u001b[39m \u001b[32m'admin@test.com'\u001b[39m }\u001b[33m,\u001b[39m\u001b[0m\n\n      at Object.<anonymous> (__tests__/auth/login.test.tsx:57:16)\n\n  ΓùÅ LoginPage ΓÇ║ n├¬n chuyß╗ân h╞░ß╗¢ng tß╗¢i /hospital-dashboard khi hospital ─æ─âng nhß║¡p th├ánh c├┤ng\n\n    ReferenceError: React is not defined\n\n    \u001b[0m \u001b[90m 86 |\u001b[39m         })\u001b[33m;\u001b[39m\n     \u001b[90m 87 |\u001b[39m\n    \u001b[31m\u001b[1m>\u001b[22m\u001b[39m\u001b[90m 88 |\u001b[39m         render(\u001b[33m<\u001b[39m\u001b[33mLoginPage\u001b[39m \u001b[33m/\u001b[39m\u001b[33m>\u001b[39m)\u001b[33m;\u001b[39m\n     \u001b[90m    |\u001b[39m                \u001b[31m\u001b[1m^\u001b[22m\u001b[39m\n     \u001b[90m 89 |\u001b[39m\n     \u001b[90m 90 |\u001b[39m         fireEvent\u001b[33m.\u001b[39mchange(screen\u001b[33m.\u001b[39mgetByPlaceholderText(\u001b[35m/hero@redhope.vn/i\u001b[39m)\u001b[33m,\u001b[39m {\n     \u001b[90m 91 |\u001b[39m             target\u001b[33m:\u001b[39m { value\u001b[33m:\u001b[39m \u001b[32m'hospital@test.com'\u001b[39m }\u001b[33m,\u001b[39m\u001b[0m\n\n      at Object.<anonymous> (__tests__/auth/login.test.tsx:88:16)\n\n  ΓùÅ LoginPage ΓÇ║ n├¬n chuyß╗ân h╞░ß╗¢ng tß╗¢i /requests khi donor ─æ─âng nhß║¡p th├ánh c├┤ng\n\n    ReferenceError: React is not defined\n\n    \u001b[0m \u001b[90m 117 |\u001b[39m         })\u001b[33m;\u001b[39m\n     \u001b[90m 118 |\u001b[39m\n    \u001b[31m\u001b[1m>\u001b[22m\u001b[39m\u001b[90m 119 |\u001b[39m         render(\u001b[33m<\u001b[39m\u001b[33mLoginPage\u001b[39m \u001b[33m/\u001b[39m\u001b[33m>\u001b[39m)\u001b[33m;\u001b[39m\n     \u001b[90m     |\u001b[39m                \u001b[31m\u001b[1m^\u001b[22m\u001b[39m\n     \u001b[90m 120 |\u001b[39m\n     \u001b[90m 121 |\u001b[39m         fireEvent\u001b[33m.\u001b[39mchange(screen\u001b[33m.\u001b[39mgetByPlaceholderText(\u001b[35m/hero@redhope.vn/i\u001b[39m)\u001b[33m,\u001b[39m {\n     \u001b[90m 122 |\u001b[39m             target\u001b[33m:\u001b[39m { value\u001b[33m:\u001b[39m \u001b[32m'donor@test.com'\u001b[39m }\u001b[33m,\u001b[39m\u001b[0m\n\n      at Object.<anonymous> (__tests__/auth/login.test.tsx:119:16)\n\n  ΓùÅ LoginPage ΓÇ║ n├¬n hiß╗ân thß╗ï th├┤ng b├ío lß╗ùi khi ─æ─âng nhß║¡p thß║Ñt bß║íi\n\n    ReferenceError: React is not defined\n\n    \u001b[0m \u001b[90m 140 |\u001b[39m         })\u001b[33m;\u001b[39m\n     \u001b[90m 141 |\u001b[39m\n    \u001b[31m\u001b[1m>\u001b[22m\u001b[39m\u001b[90m 142 |\u001b[39m         render(\u001b[33m<\u001b[39m\u001b[33mLoginPage\u001b[39m \u001b[33m/\u001b[39m\u001b[33m>\u001b[39m)\u001b[33m;\u001b[39m\n     \u001b[90m     |\u001b[39m                \u001b[31m\u001b[1m^\u001b[22m\u001b[39m\n     \u001b[90m 143 |\u001b[39m\n     \u001b[90m 144 |\u001b[39m         fireEvent\u001b[33m.\u001b[39mchange(screen\u001b[33m.\u001b[39mgetByPlaceholderText(\u001b[35m/hero@redhope.vn/i\u001b[39m)\u001b[33m,\u001b[39m {\n     \u001b[90m 145 |\u001b[39m             target\u001b[33m:\u001b[39m { value\u001b[33m:\u001b[39m \u001b[32m'wrong@test.com'\u001b[39m }\u001b[33m,\u001b[39m\u001b[0m\n\n      at Object.<anonymous> (__tests__/auth/login.test.tsx:142:16)\n","name":"C:\\Users\\admin\\nextjs\\my-demo-app\\__tests__\\auth\\login.test.tsx","startTime":1770002073623,"status":"failed","summary":""}],"wasInterrupted":false}
